{
	"D:\\Learning\\React\\the-more-the-merrier-codebase\\src\\pages\\BasePage\\BasePage.jsx": {
		"path": "D:\\Learning\\React\\the-more-the-merrier-codebase\\src\\pages\\BasePage\\BasePage.jsx",
		"all": false,
		"statementMap": {
			"0": {
				"start": {
					"line": 1,
					"column": 0
				},
				"end": {
					"line": 1,
					"column": 26
				}
			},
			"1": {
				"start": {
					"line": 2,
					"column": 0
				},
				"end": {
					"line": 2,
					"column": 35
				}
			},
			"2": {
				"start": {
					"line": 3,
					"column": 0
				},
				"end": {
					"line": 3,
					"column": 0
				}
			},
			"3": {
				"start": {
					"line": 4,
					"column": 0
				},
				"end": {
					"line": 4,
					"column": 48
				}
			},
			"4": {
				"start": {
					"line": 5,
					"column": 0
				},
				"end": {
					"line": 5,
					"column": 31
				}
			},
			"5": {
				"start": {
					"line": 6,
					"column": 0
				},
				"end": {
					"line": 6,
					"column": 1
				}
			},
			"6": {
				"start": {
					"line": 7,
					"column": 0
				},
				"end": {
					"line": 7,
					"column": 0
				}
			},
			"7": {
				"start": {
					"line": 8,
					"column": 0
				},
				"end": {
					"line": 8,
					"column": 22
				}
			},
			"8": {
				"start": {
					"line": 9,
					"column": 0
				},
				"end": {
					"line": 9,
					"column": 27
				}
			},
			"9": {
				"start": {
					"line": 10,
					"column": 0
				},
				"end": {
					"line": 10,
					"column": 2
				}
			},
			"10": {
				"start": {
					"line": 11,
					"column": 0
				},
				"end": {
					"line": 11,
					"column": 0
				}
			},
			"11": {
				"start": {
					"line": 12,
					"column": 0
				},
				"end": {
					"line": 12,
					"column": 25
				}
			},
			"12": {
				"start": {
					"line": 13,
					"column": 0
				},
				"end": {
					"line": 13,
					"column": 15
				}
			},
			"13": {
				"start": {
					"line": 14,
					"column": 0
				},
				"end": {
					"line": 14,
					"column": 2
				}
			}
		},
		"s": {
			"0": 1,
			"1": 1,
			"2": 1,
			"3": 1,
			"4": 1,
			"5": 1,
			"6": 1,
			"7": 1,
			"8": 1,
			"9": 1,
			"10": 1,
			"11": 1,
			"12": 1,
			"13": 1
		},
		"branchMap": {
			"0": {
				"type": "branch",
				"line": 4,
				"loc": {
					"start": {
						"line": 4,
						"column": 0
					},
					"end": {
						"line": 8,
						"column": 9
					}
				},
				"locations": [
					{
						"start": {
							"line": 4,
							"column": 0
						},
						"end": {
							"line": 8,
							"column": 9
						}
					}
				]
			}
		},
		"b": {
			"0": [
				1
			]
		},
		"fnMap": {
			"0": {
				"name": "BasePage",
				"decl": {
					"start": {
						"line": 4,
						"column": 0
					},
					"end": {
						"line": 8,
						"column": 9
					}
				},
				"loc": {
					"start": {
						"line": 4,
						"column": 0
					},
					"end": {
						"line": 8,
						"column": 9
					}
				},
				"line": 4
			}
		},
		"f": {
			"0": 1
		}
	}
}
